  [1m[35m (695.5ms)[0m  [1m[35mCREATE DATABASE "phaser_backend_api_development" ENCODING = 'unicode'[0m
  [1m[35m (419.2ms)[0m  [1m[35mCREATE DATABASE "phaser_backend_api_test" ENCODING = 'unicode'[0m
  [1m[35m (18.8ms)[0m  [1m[35mCREATE TABLE "schema_migrations" ("version" character varying NOT NULL PRIMARY KEY)[0m
  [1m[35m (49.8ms)[0m  [1m[35mCREATE TABLE "ar_internal_metadata" ("key" character varying NOT NULL PRIMARY KEY, "value" character varying, "created_at" timestamp(6) NOT NULL, "updated_at" timestamp(6) NOT NULL)[0m
  [1m[35m (0.5ms)[0m  [1m[34mSELECT pg_try_advisory_lock(8654917171755683745)[0m
  [1m[35m (1.0ms)[0m  [1m[34mSELECT "schema_migrations"."version" FROM "schema_migrations" ORDER BY "schema_migrations"."version" ASC[0m
Migrating to CreatePlayers (20190916203322)
  [1m[35m (0.2ms)[0m  [1m[35mBEGIN[0m
  [1m[35m (45.9ms)[0m  [1m[35mCREATE TABLE "players" ("id" bigserial primary key, "name" character varying, "time" integer, "created_at" timestamp(6) NOT NULL, "updated_at" timestamp(6) NOT NULL)[0m
  [1m[36mprimary::SchemaMigration Create (0.4ms)[0m  [1m[32mINSERT INTO "schema_migrations" ("version") VALUES ($1) RETURNING "version"[0m  [["version", "20190916203322"]]
  [1m[35m (0.4ms)[0m  [1m[35mCOMMIT[0m
Migrating to CreateScoreboards (20190916203338)
  [1m[35m (40.5ms)[0m  [1m[35mBEGIN[0m
  [1m[35m (3.9ms)[0m  [1m[35mCREATE TABLE "scoreboards" ("id" bigserial primary key, "created_at" timestamp(6) NOT NULL, "updated_at" timestamp(6) NOT NULL)[0m
  [1m[36mprimary::SchemaMigration Create (0.3ms)[0m  [1m[32mINSERT INTO "schema_migrations" ("version") VALUES ($1) RETURNING "version"[0m  [["version", "20190916203338"]]
  [1m[35m (0.4ms)[0m  [1m[35mCOMMIT[0m
Migrating to AddScoreboardIdToScoreboard (20190916203428)
  [1m[35m (31.4ms)[0m  [1m[35mBEGIN[0m
  [1m[35m (0.3ms)[0m  [1m[35mALTER TABLE "players" ADD "scoreboard_id" integer[0m
  [1m[36mprimary::SchemaMigration Create (0.2ms)[0m  [1m[32mINSERT INTO "schema_migrations" ("version") VALUES ($1) RETURNING "version"[0m  [["version", "20190916203428"]]
  [1m[35m (0.3ms)[0m  [1m[35mCOMMIT[0m
  [1m[36mActiveRecord::InternalMetadata Load (0.5ms)[0m  [1m[34mSELECT "ar_internal_metadata".* FROM "ar_internal_metadata" WHERE "ar_internal_metadata"."key" = $1 LIMIT $2[0m  [["key", "environment"], ["LIMIT", 1]]
  [1m[35m (0.1ms)[0m  [1m[35mBEGIN[0m
  [1m[36mActiveRecord::InternalMetadata Create (0.7ms)[0m  [1m[32mINSERT INTO "ar_internal_metadata" ("key", "value", "created_at", "updated_at") VALUES ($1, $2, $3, $4) RETURNING "key"[0m  [["key", "environment"], ["value", "development"], ["created_at", "2019-09-16 20:37:03.684307"], ["updated_at", "2019-09-16 20:37:03.684307"]]
  [1m[35m (0.2ms)[0m  [1m[35mCOMMIT[0m
  [1m[35m (0.1ms)[0m  [1m[34mSELECT pg_advisory_unlock(8654917171755683745)[0m
  [1m[35m (0.4ms)[0m  [1m[34mSELECT "schema_migrations"."version" FROM "schema_migrations" ORDER BY "schema_migrations"."version" ASC[0m
  [1m[35m (0.4ms)[0m  [1m[34mSELECT "schema_migrations"."version" FROM "schema_migrations" ORDER BY "schema_migrations"."version" ASC[0m
  [1m[35m (0.2ms)[0m  [1m[35mBEGIN[0m
  [1m[36mScoreboard Create (22.2ms)[0m  [1m[32mINSERT INTO "scoreboards" ("created_at", "updated_at") VALUES ($1, $2) RETURNING "id"[0m  [["created_at", "2019-09-16 20:42:51.468125"], ["updated_at", "2019-09-16 20:42:51.468125"]]
  [1m[35m (0.5ms)[0m  [1m[35mCOMMIT[0m
  [1m[36mScoreboard Load (0.2ms)[0m  [1m[34mSELECT "scoreboards".* FROM "scoreboards" LIMIT $1[0m  [["LIMIT", 11]]
  [1m[36mPlayer Load (2.2ms)[0m  [1m[34mSELECT "players".* FROM "players" LIMIT $1[0m  [["LIMIT", 11]]
  [1m[35m (0.5ms)[0m  [1m[34mSELECT "schema_migrations"."version" FROM "schema_migrations" ORDER BY "schema_migrations"."version" ASC[0m
  [1m[35m (0.2ms)[0m  [1m[35mBEGIN[0m
  [1m[36mScoreboard Load (0.4ms)[0m  [1m[34mSELECT "scoreboards".* FROM "scoreboards" WHERE "scoreboards"."id" = $1 LIMIT $2[0m  [["id", 1], ["LIMIT", 1]]
  [1m[36mPlayer Create (1.0ms)[0m  [1m[32mINSERT INTO "players" ("name", "time", "created_at", "updated_at", "scoreboard_id") VALUES ($1, $2, $3, $4, $5) RETURNING "id"[0m  [["name", "Ranger"], ["time", 666], ["created_at", "2019-09-16 20:46:06.632497"], ["updated_at", "2019-09-16 20:46:06.632497"], ["scoreboard_id", 1]]
  [1m[35m (0.3ms)[0m  [1m[35mCOMMIT[0m
  [1m[35m (0.1ms)[0m  [1m[35mBEGIN[0m
  [1m[36mScoreboard Load (0.2ms)[0m  [1m[34mSELECT "scoreboards".* FROM "scoreboards" WHERE "scoreboards"."id" = $1 LIMIT $2[0m  [["id", 1], ["LIMIT", 1]]
  [1m[36mPlayer Create (0.2ms)[0m  [1m[32mINSERT INTO "players" ("name", "time", "created_at", "updated_at", "scoreboard_id") VALUES ($1, $2, $3, $4, $5) RETURNING "id"[0m  [["name", "Thor"], ["time", 999], ["created_at", "2019-09-16 20:46:06.637644"], ["updated_at", "2019-09-16 20:46:06.637644"], ["scoreboard_id", 1]]
  [1m[35m (0.3ms)[0m  [1m[35mCOMMIT[0m
Started GET "/" for ::1 at 2019-09-16 16:47:21 -0400
  [1m[35m (1.0ms)[0m  [1m[34mSELECT "schema_migrations"."version" FROM "schema_migrations" ORDER BY "schema_migrations"."version" ASC[0m
Processing by Rails::WelcomeController#index as HTML
  Rendering /Users/peterdilenschneider/.rbenv/versions/2.6.3/lib/ruby/gems/2.6.0/gems/railties-6.0.0/lib/rails/templates/rails/welcome/index.html.erb
  Rendered /Users/peterdilenschneider/.rbenv/versions/2.6.3/lib/ruby/gems/2.6.0/gems/railties-6.0.0/lib/rails/templates/rails/welcome/index.html.erb (Duration: 72.5ms | Allocations: 489)
Completed 200 OK in 233ms (Views: 156.1ms | ActiveRecord: 0.0ms | Allocations: 2698)


Started GET "/scoreboards" for ::1 at 2019-09-16 16:47:26 -0400
Processing by ScoreboardsController#index as HTML
  [1m[36mScoreboard Load (40.7ms)[0m  [1m[34mSELECT "scoreboards".* FROM "scoreboards"[0m
  ↳ app/controllers/scoreboards_controller.rb:8:in `index'
Completed 200 OK in 55ms (Views: 5.7ms | ActiveRecord: 44.7ms | Allocations: 4187)


Started GET "/players" for ::1 at 2019-09-16 16:47:32 -0400
Processing by PlayersController#index as HTML
  [1m[36mPlayer Load (40.3ms)[0m  [1m[34mSELECT "players".* FROM "players"[0m
  ↳ app/controllers/players_controller.rb:8:in `index'
Completed 200 OK in 52ms (Views: 6.4ms | ActiveRecord: 42.9ms | Allocations: 5453)


